\BOOKMARK [1][-]{section.1}{\376\377\000S\000e\000c\000t\000i\000o\000n\000\040\000I\000n\000f\000o\000r\000m\000a\000t\000i\000o\000n}{}% 1
\BOOKMARK [2][-]{subsection.1.1}{\376\377\000D\000e\000s\000c\000r\000i\000p\000t\000i\000o\000n}{section.1}% 2
\BOOKMARK [2][-]{subsection.1.2}{\376\377\000P\000r\000e\000r\000e\000q\000u\000i\000s\000i\000t\000e}{section.1}% 3
\BOOKMARK [3][-]{subsubsection.1.2.1}{\376\377\000A\000d\000v\000i\000s\000o\000r\000y}{subsection.1.2}% 4
\BOOKMARK [1][-]{section.2}{\376\377\000F\000a\000c\000u\000l\000t\000y\000\040\000I\000n\000f\000o\000r\000m\000a\000t\000i\000o\000n}{}% 5
\BOOKMARK [2][-]{subsection.2.1}{\376\377\000N\000a\000m\000e}{section.2}% 6
\BOOKMARK [2][-]{subsection.2.2}{\376\377\000C\000o\000n\000t\000a\000c\000t}{section.2}% 7
\BOOKMARK [3][-]{subsubsection.2.2.1}{\376\377\000E\000m\000a\000i\000l}{subsection.2.2}% 8
\BOOKMARK [3][-]{subsubsection.2.2.2}{\376\377\000P\000h\000o\000n\000e}{subsection.2.2}% 9
\BOOKMARK [1][-]{section.3}{\376\377\000s\000y\000l\000l\000a\000b\000u\000s}{}% 10
\BOOKMARK [2][-]{subsection.3.1}{\376\377\000S\000t\000u\000d\000e\000n\000t\000\040\000L\000e\000a\000r\000n\000i\000n\000g\000\040\000O\000u\000t\000c\000o\000m\000e\000s\000:}{section.3}% 11
\BOOKMARK [2][-]{subsection.3.2}{\376\377\000I\000n\000s\000t\000r\000u\000c\000t\000i\000o\000n\000a\000l\000\040\000M\000e\000t\000h\000o\000d\000s\000:}{section.3}% 12
\BOOKMARK [2][-]{subsection.3.3}{\376\377\000E\000x\000a\000m\000s\000:}{section.3}% 13
\BOOKMARK [2][-]{subsection.3.4}{\376\377\000Q\000u\000i\000z\000z\000e\000s\000:}{section.3}% 14
\BOOKMARK [2][-]{subsection.3.5}{\376\377\000S\000e\000c\000t\000i\000o\000n\000s\000\040\000E\000x\000c\000e\000r\000c\000i\000s\000e\000s\000:}{section.3}% 15
\BOOKMARK [2][-]{subsection.3.6}{\376\377\000L\000a\000b\000\040\000A\000s\000s\000i\000g\000n\000m\000e\000n\000t\000s\000:}{section.3}% 16
\BOOKMARK [2][-]{subsection.3.7}{\376\377\000P\000r\000o\000g\000r\000a\000m\000m\000i\000n\000g\000\040\000A\000s\000s\000i\000g\000n\000m\000e\000n\000t\000s\000:}{section.3}% 17
\BOOKMARK [2][-]{subsection.3.8}{\376\377\000T\000r\000u\000s\000t\000e\000d\000\040\000S\000t\000a\000t\000u\000s\000:}{section.3}% 18
\BOOKMARK [2][-]{subsection.3.9}{\376\377\000F\000e\000e\000d\000b\000a\000c\000k\000\040\000o\000n\000\040\000L\000a\000b\000\040\000a\000n\000d\000\040\000P\000r\000o\000g\000r\000a\000m\000m\000i\000n\000g\000\040\000A\000s\000s\000i\000g\000n\000m\000e\000n\000t\000s}{section.3}% 19
\BOOKMARK [2][-]{subsection.3.10}{\376\377\000D\000i\000s\000c\000u\000s\000s\000i\000o\000n\000s\000:}{section.3}% 20
\BOOKMARK [3][-]{subsubsection.3.10.1}{\376\377\000U\000n\000g\000r\000a\000d\000e\000d\000\040\000D\000i\000s\000c\000u\000s\000s\000i\000o\000n\000s\000:}{subsection.3.10}% 21
\BOOKMARK [3][-]{subsubsection.3.10.2}{\376\377\000A\000s\000s\000i\000g\000n\000e\000d\000\040\000D\000i\000s\000c\000u\000s\000s\000i\000o\000n\000s\000:}{subsection.3.10}% 22
\BOOKMARK [2][-]{subsection.3.11}{\376\377\000E\000v\000a\000l\000u\000a\000t\000i\000o\000n\000\040\000C\000r\000i\000t\000e\000r\000i\000a\000:}{section.3}% 23
\BOOKMARK [2][-]{subsection.3.12}{\376\377\000P\000o\000l\000i\000c\000i\000e\000s\000:}{section.3}% 24
\BOOKMARK [3][-]{subsubsection.3.12.1}{\376\377\000L\000a\000t\000e\000\040\000W\000o\000r\000k\000:}{subsection.3.12}% 25
\BOOKMARK [3][-]{subsubsection.3.12.2}{\376\377\000A\000t\000t\000e\000n\000d\000a\000n\000c\000e\000:}{subsection.3.12}% 26
\BOOKMARK [3][-]{subsubsection.3.12.3}{\376\377\000P\000a\000r\000t\000i\000c\000i\000p\000a\000t\000i\000o\000n\000:}{subsection.3.12}% 27
\BOOKMARK [3][-]{subsubsection.3.12.4}{\376\377\000A\000c\000a\000d\000e\000m\000i\000c\000\040\000H\000o\000n\000e\000s\000t\000y\000:}{subsection.3.12}% 28
\BOOKMARK [3][-]{subsubsection.3.12.5}{\376\377\000H\000e\000l\000p\000:}{subsection.3.12}% 29
\BOOKMARK [1][-]{section.4}{\376\377\000M\000o\000d\000u\000l\000e\000\040\0000}{}% 30
\BOOKMARK [2][-]{subsection.4.1}{\376\377\000P\000r\000o\000g\000r\000a\000m\000m\000i\000n\000g\000\040\000i\000s\000\040\000H\000a\000r\000d\000!}{section.4}% 31
\BOOKMARK [3][-]{subsubsection.4.1.1}{\376\377\000K\000a\000r\000i\000\040\000S\000a\000v\000o\000c\000a\000'\000s\000\040\000t\000a\000k\000e\000:}{subsection.4.1}% 32
