\BOOKMARK [2][-]{subsection.0.1}{\376\377\000R\000e\000a\000d\000i\000n\000g\000s}{}% 1
\BOOKMARK [2][-]{subsection.0.2}{\376\377\000T\000o\000D\000o\000:}{}% 2
\BOOKMARK [2][-]{subsection.0.3}{\376\377\000M\000o\000d\000u\000l\000e\000\040\0000}{}% 3
\BOOKMARK [3][-]{subsubsection.0.3.1}{\376\377\000M\000o\000d\000u\000l\000e\000\040\000r\000e\000a\000d\000i\000n\000g\000s\000:}{subsection.0.3}% 4
\BOOKMARK [3][-]{subsubsection.0.3.2}{\376\377\000A\000u\000t\000o\000m\000a\000t\000i\000c\000\040\000C\000o\000m\000p\000u\000l\000a\000t\000i\000o\000n\000\040\000o\000f\000\040\000D\000e\000p\000e\000n\000d\000e\000n\000t\000\040\000C\000l\000a\000s\000s\000e\000s}{subsection.0.3}% 5
\BOOKMARK [3][-]{subsubsection.0.3.3}{\376\377\000I\000m\000p\000o\000r\000t\000s\000\040\000a\000n\000d\000\040\000P\000a\000c\000k\000a\000g\000e\000s}{subsection.0.3}% 6
\BOOKMARK [3][-]{subsubsection.0.3.4}{\376\377\000P\000a\000c\000k\000a\000g\000e\000s\000,\000\040\000S\000u\000b\000d\000i\000r\000e\000c\000t\000o\000r\000i\000e\000s\000,\000\040\000a\000n\000d\000\040\000R\000e\000s\000o\000u\000r\000c\000e\000s}{subsection.0.3}% 7
\BOOKMARK [3][-]{subsubsection.0.3.5}{\376\377\000D\000e\000b\000u\000g\000g\000i\000n\000g\000\040\000a\000n\000d\000\040\000S\000y\000m\000b\000o\000l\000i\000c\000\040\000I\000n\000f\000o\000r\000m\000a\000t\000i\000o\000n}{subsection.0.3}% 8
\BOOKMARK [3][-]{subsubsection.0.3.6}{\376\377\000T\000h\000e\000\040\000J\000I\000T\000\040\000c\000o\000m\000p\000i\000l\000e\000r}{subsection.0.3}% 9
\BOOKMARK [3][-]{subsubsection.0.3.7}{\376\377\000J\000S\000E\000\040\000c\000o\000d\000e\000\040\000e\000x\000e\000c\000u\000t\000i\000o\000n}{subsection.0.3}% 10
\BOOKMARK [3][-]{subsubsection.0.3.8}{\376\377\000J\000a\000v\000a\000\040\000'\000j\000a\000r\000'\000\040\000c\000l\000a\000s\000s\000\040\000l\000i\000b\000r\000a\000r\000i\000e\000s}{subsection.0.3}% 11
\BOOKMARK [3][-]{subsubsection.0.3.9}{\376\377\000C\000l\000i\000e\000n\000t\000\040\000S\000e\000r\000v\000e\000r\000\040\000A\000p\000p\000l\000i\000c\000a\000t\000i\000o\000n\000s\000:}{subsection.0.3}% 12
\BOOKMARK [3][-]{subsubsection.0.3.10}{\376\377\000W\000e\000b\000\040\000A\000p\000p\000l\000i\000c\000a\000t\000i\000o\000n\000s\000:}{subsection.0.3}% 13
\BOOKMARK [1][-]{section.1}{\376\377\000M\000o\000d\000u\000l\000e\000\040\0001}{}% 14
\BOOKMARK [2][-]{subsection.1.1}{\376\377\000O\000b\000j\000e\000c\000t\000i\000v\000e\000s\000:}{section.1}% 15
\BOOKMARK [2][-]{subsection.1.2}{\376\377\000H\000o\000w\000\040\000a\000\040\000C\000o\000m\000p\000u\000t\000e\000r\000\040\000W\000o\000r\000k\000s\000\040\000a\000n\000d\000\040\000i\000s\000\040\000B\000u\000i\000l\000t}{section.1}% 16
\BOOKMARK [3][-]{subsubsection.1.2.1}{\376\377\000T\000r\000a\000n\000s\000i\000s\000t\000o\000r\000s}{subsection.1.2}% 17
\BOOKMARK [3][-]{subsubsection.1.2.2}{\376\377\000T\000r\000a\000n\000s\000i\000s\000t\000o\000r\000s\000,\000\040\000B\000a\000s\000e\000\040\000T\000w\000o\000\040\000a\000n\000d\000\040\000S\000t\000o\000r\000i\000n\000g\000\040\000I\000n\000f\000o\000r\000m\000a\000t\000i\000o\000n}{subsection.1.2}% 18
\BOOKMARK [3][-]{subsubsection.1.2.3}{\376\377\000L\000o\000g\000i\000c\000a\000l\000\040\000O\000p\000e\000r\000a\000t\000i\000o\000n\000s\000\040\000a\000n\000d\000\040\000G\000a\000t\000e\000s}{subsection.1.2}% 19
\BOOKMARK [3][-]{subsubsection.1.2.4}{\376\377\000C\000o\000m\000p\000u\000t\000e\000r\000\040\000C\000o\000m\000p\000o\000n\000e\000n\000t\000s}{subsection.1.2}% 20
\BOOKMARK [3][-]{subsubsection.1.2.5}{\376\377\000A\000b\000s\000t\000r\000a\000c\000t\000\040\000M\000a\000c\000h\000i\000n\000e\000s\000\040\000\050\000i\000.\000e\000.\000\040\000C\000o\000m\000p\000u\000t\000e\000r\000s\000\051}{subsection.1.2}% 21
\BOOKMARK [3][-]{subsubsection.1.2.6}{\376\377\000I\000n\000s\000t\000r\000u\000c\000t\000i\000o\000n\000s\000\040\000a\000n\000d\000\040\000C\000o\000m\000p\000u\000t\000a\000t\000i\000o\000n}{subsection.1.2}% 22
\BOOKMARK [3][-]{subsubsection.1.2.7}{\376\377\000M\000o\000d\000u\000l\000e\000\040\0001\000:\000\040\000G\000e\000n\000e\000r\000a\000l\000\040\000D\000i\000s\000c\000u\000s\000s\000i\000o\000n}{subsection.1.2}% 23
\BOOKMARK [2][-]{subsection.1.3}{\376\377\000G\000e\000t\000t\000i\000n\000g\000\040\000S\000t\000a\000r\000t\000e\000d\000\040\000w\000i\000t\000h\000\040\000P\000r\000o\000g\000r\000a\000m\000m\000i\000n\000g\000\040\000\046\000\040\000R\000e\000a\000d\000i\000n\000g\000\040\000A\000s\000s\000i\000g\000n\000m\000e\000n\000t}{section.1}% 24
\BOOKMARK [2][-]{subsection.1.4}{\376\377\000W\000h\000a\000t\000\040\000i\000s\000\040\000P\000r\000o\000g\000r\000a\000m\000m\000i\000n\000g\000?}{section.1}% 25
\BOOKMARK [3][-]{subsubsection.1.4.1}{\376\377\000M\000e\000t\000h\000o\000d\000s\000,\000\040\000C\000l\000a\000s\000s\000e\000s\000,\000\040\000P\000r\000o\000g\000r\000a\000m\000s\000,\000\040\000a\000n\000d\000\040\000S\000t\000a\000t\000e\000m\000e\000n\000t\000s}{subsection.1.4}% 26
\BOOKMARK [3][-]{subsubsection.1.4.2}{\376\377\000I\000n\000t\000e\000r\000p\000r\000e\000t\000i\000n\000g\000\040\000v\000s\000\040\000C\000o\000m\000p\000i\000l\000i\000n\000g\000\040\000l\000a\000n\000g\000u\000a\000g\000e\000s}{subsection.1.4}% 27
\BOOKMARK [3][-]{subsubsection.1.4.3}{\376\377\000W\000h\000a\000t\000\040\000i\000s\000\040\000C\000o\000m\000p\000u\000t\000e\000r\000\040\000S\000c\000i\000e\000n\000c\000e}{subsection.1.4}% 28
\BOOKMARK [2][-]{subsection.1.5}{\376\377\000E\000x\000c\000e\000r\000c\000i\000s\000e\000s}{section.1}% 29
\BOOKMARK [3][-]{subsubsection.1.5.1}{\376\377\000O\000n\000e}{subsection.1.5}% 30
\BOOKMARK [3][-]{subsubsection.1.5.2}{\376\377\000T\000w\000o}{subsection.1.5}% 31
\BOOKMARK [3][-]{subsubsection.1.5.3}{\376\377\000R\000e\000a\000d\000i\000n\000g\000\040\000Q\000u\000i\000z}{subsection.1.5}% 32
\BOOKMARK [2][-]{subsection.1.6}{\376\377\000P\000i\000c\000o\000b\000o\000t}{section.1}% 33
\BOOKMARK [3][-]{subsubsection.1.6.1}{\376\377\000L\000a\000b\000\040\0000}{subsection.1.6}% 34
\BOOKMARK [3][-]{subsubsection.1.6.2}{\376\377\000P\000r\000o\000g\000r\000a\000m\000m\000i\000n\000g\000\040\000A\000s\000s\000i\000g\000n\000m\000e\000n\000t\000\040\0001}{subsection.1.6}% 35
\BOOKMARK [2][-]{subsection.1.7}{\376\377\000S\000u\000m\000m\000a\000r\000y}{section.1}% 36
\BOOKMARK [1][-]{section.2}{\376\377\000M\000o\000d\000u\000l\000e\000\040\0002}{}% 37
